checking for grep that handles long lines and -e... /usr/bin/grep
checking for egrep... /usr/bin/grep -E
checking for a sed that does not truncate output... /usr/bin/sed
checking build system type... i386-apple-darwin13.4.0
checking host system type... i386-apple-darwin13.4.0
checking target system type... i386-apple-darwin13.4.0
checking for cc... cc
checking whether the C compiler works... yes
checking for C compiler default output file name... a.out
checking for suffix of executables... 
checking whether we are cross compiling... no
checking for suffix of object files... o
checking whether we are using the GNU C compiler... yes
checking whether cc accepts -g... yes
checking for cc option to accept ISO C89... none needed
checking how to run the C preprocessor... cc -E
checking for icc... no
checking for suncc... no
checking whether cc understands -c and -o together... yes
checking how to run the C preprocessor... cc -E
checking for ANSI C header files... yes
checking for sys/types.h... yes
checking for sys/stat.h... yes
checking for stdlib.h... yes
checking for string.h... yes
checking for memory.h... yes
checking for strings.h... yes
checking for inttypes.h... yes
checking for stdint.h... yes
checking for unistd.h... yes
checking minix/config.h usability... no
checking minix/config.h presence... no
checking for minix/config.h... no
checking whether it is safe to define __EXTENSIONS__... yes
checking whether ln -s works... yes
checking for system library directory... lib
checking whether to enable runpaths... yes
checking if compiler supports -R... no
checking if compiler supports -Wl,-rpath,... yes
checking for gawk... no
checking for nawk... no
checking for awk... awk
checking if awk is broken... no
checking for bison... bison -y
checking for bison version... invalid
configure: WARNING: bison versions supported for regeneration of the Zend/PHP parsers: 1.28 1.35 1.75 1.875 2.0 2.1 2.2 2.3 2.4 2.4.1 2.4.2 2.4.3 2.5 2.5.1 2.6 2.6.1 2.6.2 2.6.4 (found: 2.7).
checking for re2c... re2c
checking for re2c version... 0.13.7.5 (ok)
checking whether to enable computed goto gcc extension with re2c... no
checking whether cc supports -no-cpp-precomp... yes
checking whether to force non-PIC code in shared modules... no
checking whether /dev/urandom exists... yes
checking for pthreads_cflags... 
checking for pthreads_lib... 

[1mConfiguring SAPI modules[m
checking for AOLserver support... no
checking for Apache 1.x module support via DSO through APXS... no
checking for Apache 1.x module support... no
checking whether to enable Apache charset compatibility option... no
checking for Apache 2.0 filter-module support via DSO through APXS... no
checking for Apache 2.0 handler-module support via DSO through APXS... no
checking for Apache 1.x (hooks) module support via DSO through APXS... no
checking for Apache 1.x (hooks) module support... no
checking whether to enable Apache charset compatibility option... no
checking for Caudium support... no
checking for CLI build... yes
checking for Continuity support... no
checking for embedded SAPI library support... no
checking for FPM build... no
checking for Zeus ISAPI support... no
checking for LiteSpeed support... no
checking for Milter support... no
checking for NSAPI support... no
checking for PHTTPD support... no
checking for Pi3Web support... no
checking whether Roxen module is build using ZTS... no
checking for Roxen/Pike support... 
checking for thttpd... no
checking for TUX... no
checking for webjames... no
checking for CGI build... yes
checking for socklen_t in sys/socket.h... yes
checking for sun_len in sys/un.h... yes
checking whether cross-process locking is required by accept()... no
checking for chosen SAPI module... none
checking for executable SAPI binaries...  cli cgi

[1mRunning system checks[m
checking for sendmail... /usr/sbin/sendmail
checking whether system uses EBCDIC... no
checking whether byte ordering is bigendian... no
checking whether writing to stdout works... This is the test message -- yes
checking for socket... yes
checking for socketpair... yes
checking for htonl... yes
checking for gethostname... yes
checking for gethostbyaddr... yes
checking for yp_get_default_domain... yes
checking for dlopen... yes
checking for sin in -lm... yes
checking for inet_aton... yes
checking for ANSI C header files... (cached) yes
checking for dirent.h that defines DIR... yes
checking for library containing opendir... none required
checking for inttypes.h... (cached) yes
checking for stdint.h... (cached) yes
checking for dirent.h... yes
checking for ApplicationServices/ApplicationServices.h... yes
checking for sys/param.h... yes
checking for sys/types.h... (cached) yes
checking for sys/time.h... yes
checking for netinet/in.h... yes
checking for alloca.h... yes
checking for arpa/inet.h... yes
checking for arpa/nameser.h... yes
checking for assert.h... yes
checking for crypt.h... no
checking for dns.h... yes
checking for fcntl.h... yes
checking for grp.h... yes
checking for ieeefp.h... no
checking for langinfo.h... yes
checking for limits.h... yes
checking for locale.h... yes
checking for monetary.h... yes
checking for netdb.h... yes
checking for pwd.h... yes
checking for resolv.h... yes
checking for signal.h... yes
checking for stdarg.h... yes
checking for stdlib.h... (cached) yes
checking for string.h... (cached) yes
checking for syslog.h... yes
checking for sysexits.h... yes
checking for sys/ioctl.h... yes
checking for sys/file.h... yes
checking for sys/mman.h... yes
checking for sys/mount.h... yes
checking for sys/poll.h... yes
checking for sys/resource.h... yes
checking for sys/select.h... yes
checking for sys/socket.h... yes
checking for sys/stat.h... (cached) yes
checking for sys/statfs.h... no
checking for sys/statvfs.h... yes
checking for sys/vfs.h... no
checking for sys/sysexits.h... no
checking for sys/varargs.h... no
checking for sys/wait.h... yes
checking for sys/loadavg.h... no
checking for termios.h... yes
checking for unistd.h... (cached) yes
checking for unix.h... no
checking for utime.h... yes
checking for sys/utsname.h... yes
checking for sys/ipc.h... yes
checking for dlfcn.h... yes
checking for assert.h... (cached) yes
checking for fopencookie... no
checking for broken getcwd... no
checking for broken libc stdio... no
checking whether struct tm is in sys/time.h or time.h... time.h
checking for struct tm.tm_zone... yes
checking for missing declarations of reentrant functions... done
checking for fclose declaration... ok
checking for tm_gmtoff in struct tm... yes
checking for struct flock... yes
checking for socklen_t... yes
checking size of size_t... 8
checking size of long long... 8
checking size of long long int... 8
checking size of long... 8
checking size of int... 4
checking size of intmax_t... 8
checking size of ssize_t... 8
checking size of ptrdiff_t... 8
checking for struct stat.st_blksize... yes
checking for struct stat.st_blocks... yes
checking for struct stat.st_rdev... yes
checking for size_t... yes
checking for uid_t in sys/types.h... yes
checking for struct sockaddr_storage... yes
checking for field sa_len in struct sockaddr... yes
checking for IPv6 support... yes
checking for vprintf... yes
checking for _doprnt... no
checking for alphasort... yes
checking for asctime_r... yes
checking for chroot... yes
checking for ctime_r... yes
checking for cuserid... no
checking for crypt... yes
checking for flock... yes
checking for ftok... yes
checking for funopen... yes
checking for gai_strerror... yes
checking for gcvt... yes
checking for getloadavg... yes
checking for getlogin... yes
checking for getprotobyname... yes
checking for getprotobynumber... yes
checking for getservbyname... yes
checking for getservbyport... yes
checking for gethostname... (cached) yes
checking for getrusage... yes
checking for gettimeofday... yes
checking for gmtime_r... yes
checking for getpwnam_r... yes
checking for getgrnam_r... yes
checking for getpwuid_r... yes
checking for grantpt... yes
checking for inet_ntoa... yes
checking for inet_ntop... yes
checking for inet_pton... yes
checking for isascii... yes
checking for link... yes
checking for localtime_r... yes
checking for lockf... yes
checking for lchown... yes
checking for lrand48... yes
checking for memcpy... yes
checking for memmove... yes
checking for mkstemp... yes
checking for mmap... yes
checking for nl_langinfo... yes
checking for perror... yes
checking for poll... yes
checking for ptsname... yes
checking for putenv... yes
checking for realpath... yes
checking for random... yes
checking for rand_r... yes
checking for scandir... yes
checking for setitimer... yes
checking for setlocale... yes
checking for localeconv... yes
checking for setenv... yes
checking for setpgid... yes
checking for setsockopt... yes
checking for setvbuf... yes
checking for shutdown... yes
checking for sin... yes
checking for snprintf... yes
checking for srand48... yes
checking for srandom... yes
checking for statfs... yes
checking for statvfs... yes
checking for std_syslog... no
checking for strcasecmp... yes
checking for strcoll... yes
checking for strdup... yes
checking for strerror... yes
checking for strftime... yes
checking for strnlen... yes
checking for strptime... yes
checking for strstr... yes
checking for strtok_r... yes
checking for symlink... yes
checking for tempnam... yes
checking for tzset... yes
checking for unlockpt... yes
checking for unsetenv... yes
checking for usleep... yes
checking for utime... yes
checking for vsnprintf... yes
checking for vasprintf... yes
checking for asprintf... yes
checking for nanosleep... yes
checking for nanosleep in -lrt... no
checking for __nanosleep in -lrt... no
checking for getaddrinfo... yes
checking for __sync_fetch_and_add... yes
checking for strlcat... yes
checking for strlcpy... yes
checking for getopt... yes
checking for utime.h... (cached) yes
checking whether utime accepts a null argument... yes
checking for working alloca.h... yes
checking for alloca... yes
checking for declared timezone... yes
checking for type of reentrant time-related functions... POSIX
checking for readdir_r... yes
checking for type of readdir_r... POSIX
checking for in_addr_t... yes
checking for crypt_r... no

[1mGeneral settings[m
checking whether to include gcov symbols... no
checking whether to include debugging symbols... no
checking layout of installed files... PHP
checking path to configuration file... DEFAULT
checking where to scan for configuration files... 
checking whether to enable PHP's own SIGCHLD handler... no
checking whether to explicitly link against libgcc... no
checking whether to enable short tags by default... yes
checking whether to enable dmalloc... no
checking whether to enable IPv6 support... yes
checking whether to enable DTrace support... no
checking how big to make fd sets... using system default

[1mConfiguring extensions[m
checking size of long... (cached) 8
checking size of int... (cached) 4
checking for int32_t... yes
checking for uint32_t... yes
checking for sys/types.h... (cached) yes
checking for inttypes.h... (cached) yes
checking for stdint.h... (cached) yes
checking for string.h... (cached) yes
checking for stdlib.h... (cached) yes
checking for strtoll... yes
checking for atoll... yes
checking for strftime... (cached) yes
checking which regex library to use... php
checking whether to enable LIBXML support... yes
checking libxml2 install dir... no
checking for xml2-config path... /usr/bin/xml2-config
checking whether libxml build works... yes
checking for OpenSSL support... no
checking for Kerberos support... no
checking for PCRE library to use... bundled
checking whether to enable the SQLite3 extension... no
checking for ZLIB support... no
checking if the location of ZLIB install directory is defined... no
checking whether to enable bc style precision math functions... yes
checking for BZip2 support... yes
checking for BZip2 in default path... found in /usr
checking for BZ2_bzerror in -lbz2... yes
checking whether to enable calendar conversion support... yes
checking whether to enable ctype functions... yes
checking for cURL support... yes
checking if we should use cURL for url streams... no
checking for cURL in default path... found in /usr
checking for cURL 7.10.5 or greater... libcurl 7.30.0
checking for SSL support in libcurl... yes
checking how to run the C preprocessor... cc -E
checking for openssl support in libcurl... no
checking for gnutls support in libcurl... no
checking for curl_easy_perform in -lcurl... yes
checking for curl_version_info in -lcurl... yes
checking for curl_easy_strerror in -lcurl... yes
checking for curl_multi_strerror in -lcurl... yes
checking for QDBM support... no
checking for GDBM support... no
checking for NDBM support... no
checking for TCADB support... no
checking for Berkeley DB4 support... no
checking for Berkeley DB3 support... no
checking for Berkeley DB2 support... no
checking for DB1 support... no
checking for DBM support... no
checking for CDB support... no
checking for INI File support... no
checking for FlatFile support... no
checking whether to enable DBA interface... no
checking whether to enable DOM support... yes
checking for xml2-config path... (cached) /usr/bin/xml2-config
checking whether libxml build works... (cached) yes
checking for ENCHANT support... no
checking whether to enable EXIF (metadata from images) support... no
checking for fileinfo support... no
checking whether to enable input filter support... no
checking pcre install prefix... no
checking whether to enable FTP support... no
checking OpenSSL dir for FTP... no
checking for GD support... no
checking for the location of libvpx... no
checking for the location of libjpeg... no
checking for the location of libpng... no
checking for the location of libXpm... no
checking for FreeType 2... no
checking for T1lib support... no
checking whether to enable truetype string function in GD... no
checking whether to enable JIS-mapped Japanese font support in GD... no
checking for GNU gettext support... no
checking for GNU MP support... no
checking for mhash support... no
checking whether to enable hash support... no
checking for iconv support... no
checking for IMAP support... no
checking for IMAP Kerberos support... no
checking for IMAP SSL support... no
checking for InterBase support... no
checking whether to enable internationalization support... no
checking whether to enable JavaScript Object Serialization support... no
checking for LDAP support... no
checking for LDAP Cyrus SASL support... no
checking whether to enable multibyte string support... yes
checking whether to enable multibyte regex support... yes
checking whether to check multibyte regex backtrack... yes
checking for external libmbfl... no
checking for external oniguruma... no
checking for variable length prototypes and stdarg.h... yes
checking for stdlib.h... (cached) yes
checking for string.h... (cached) yes
checking for strings.h... (cached) yes
checking for unistd.h... (cached) yes
checking for sys/time.h... (cached) yes
checking sys/times.h usability... yes
checking sys/times.h presence... yes
checking for sys/times.h... yes
checking for stdarg.h... (cached) yes
checking size of int... (cached) 4
checking size of short... 2
checking size of long... (cached) 8
checking for an ANSI C-conforming const... yes
checking whether time.h and sys/time.h may both be included... yes
checking for working alloca.h... (cached) yes
checking for alloca... (cached) yes
checking for working memcmp... yes
checking for stdarg.h... (cached) yes
checking for mcrypt support... no
checking for MSSQL support via FreeTDS... no
checking for MySQL support... no
checking for specified location of the MySQL UNIX socket... no
checking for MySQLi support... no
checking whether to enable embedded MySQLi support... no
checking for Oracle Database OCI8 support... no
checking whether to enable pcntl support... no
checking whether to enable PDO support... no
checking for PDO_DBLIB support via FreeTDS... no
checking for Firebird support for PDO... no
checking for MySQL support for PDO... no
checking Oracle OCI support for PDO... no
checking for ODBC v3 support for PDO... no
checking for PostgreSQL support for PDO... no
checking for sqlite 3 support for PDO... no
checking for PostgreSQL support... no
checking for phar archive support... no
checking whether to enable POSIX-like functions... no
checking for PSPELL support... no
checking for libedit readline replacement... no
checking for readline support... no
checking for recode support... no
checking whether to enable PHP sessions... yes
checking for mm support... no
checking whether pwrite works... yes
checking whether pread works... yes
checking whether to enable shmop support... no
checking whether to enable SimpleXML support... no
checking for SNMP support... no
checking OpenSSL dir for SNMP... no
checking whether to enable SOAP support... yes
checking for xml2-config path... (cached) /usr/bin/xml2-config
checking whether libxml build works... (cached) yes
checking whether to enable sockets support... no
checking whether zend_object_value is packed... no
checking whether flush should be called explicitly after a buffered io... yes
checking for standard DES crypt... yes
checking for extended DES crypt... yes
checking for MD5 crypt... no
checking for Blowfish crypt... no
checking for SHA512 crypt... no
checking for SHA256 crypt... no
checking whether the compiler supports __alignof__... yes
checking whether the compiler supports aligned attribute... yes
checking for getcwd... yes
checking for getwd... yes
checking for asinh... yes
checking for acosh... yes
checking for atanh... yes
checking for log1p... yes
checking for hypot... yes
checking for glob... yes
checking for strfmon... yes
checking for nice... yes
checking for fpclass... no
checking for isinf... yes
checking for isnan... yes
checking for mempcpy... no
checking for strpncpy... no
checking for working POSIX fnmatch... yes
checking for fork... yes
checking if your OS can spawn processes with inherited handles... yes
checking for res_nsearch... no
checking for __res_nsearch... no
checking for res_nsearch in -lresolv... no
checking for __res_nsearch in -lresolv... no
checking for res_nsearch in -lbind... no
checking for __res_nsearch in -lbind... no
checking for res_nsearch in -lsocket... no
checking for __res_nsearch in -lsocket... no
checking for dns_search... no
checking for __dns_search... no
checking for dns_search in -lresolv... yes
checking for dn_expand... yes
checking for dn_skipname... no
checking for __dn_skipname... yes
checking for res_search... yes
checking whether atof() accepts NAN... yes
checking whether atof() accepts INF... yes
checking whether HUGE_VAL == INF... yes
checking whether HUGE_VAL + -HUGEVAL == NAN... yes
checking whether strptime() declaration fails... yes
checking wchar.h usability... yes
checking wchar.h presence... yes
checking for wchar.h... yes
checking for mblen... yes
checking for mbrlen... yes
checking for mbsinit... yes
checking for mbstate_t... no
checking atomic.h usability... no
checking atomic.h presence... no
checking for atomic.h... no
checking for Sybase-CT support... no
checking whether to enable System V IPC support... no
checking whether to enable System V semaphore support... no
checking whether to enable System V shared memory support... no
checking for TIDY support... no
checking whether to enable tokenizer support... no
checking whether to enable WDDX support... no
checking libexpat dir for WDDX... no
checking whether to enable XML support... no
checking libexpat install dir... no
checking whether to enable XMLReader support... no
checking for XMLRPC-EPI support... no
checking libexpat dir for XMLRPC-EPI... no
checking iconv dir for XMLRPC-EPI... no
checking whether to enable XMLWriter support... no
checking for XSL support... yes
checking for EXSLT support... found
checking for zip archive read/writesupport... yes
checking pcre install prefix... no
checking for the location of zlib... /usr
checking whether to enable mysqlnd... no
checking whether to disable compressed protocol support in mysqlnd... yes
checking whether whether compiler supports Decimal32/64/128 types... no

[1mConfiguring PEAR[m
checking whether to install PEAR... no

[1mConfiguring Zend[m
checking for bison version... (cached) invalid
configure: WARNING: bison versions supported for regeneration of the Zend/PHP parsers: 1.28 1.35 1.75 1.875 2.0 2.1 2.2 2.3 2.4 2.4.1 2.4.2 2.4.3 2.5 2.5.1 2.6 2.6.1 2.6.2 2.6.4 (found: none).
checking for inttypes.h... (cached) yes
checking for stdint.h... (cached) yes
checking for limits.h... (cached) yes
checking malloc.h usability... no
checking malloc.h presence... no
checking for malloc.h... no
checking for string.h... (cached) yes
checking for unistd.h... (cached) yes
checking for stdarg.h... (cached) yes
checking for sys/types.h... (cached) yes
checking for sys/time.h... (cached) yes
checking for signal.h... (cached) yes
checking for unix.h... (cached) no
checking for stdlib.h... (cached) yes
checking for dlfcn.h... (cached) yes
checking for size_t... (cached) yes
checking return type of signal handlers... void
checking for uint... yes
checking for ulong... no
checking for int32_t... yes
checking for uint32_t... yes
checking for vprintf... (cached) yes
checking for _doprnt... (cached) no
checking for working memcmp... (cached) yes
checking for working alloca.h... (cached) yes
checking for alloca... (cached) yes
checking for memcpy... (cached) yes
checking for strdup... (cached) yes
checking for getpid... yes
checking for kill... yes
checking for strtod... yes
checking for strtol... yes
checking for finite... yes
checking for fpclass... (cached) no
checking for sigsetjmp... yes
checking whether sprintf is broken... no
checking for finite... (cached) yes
checking for isfinite... no
checking for isinf... (cached) yes
checking for isnan... (cached) yes
checking whether fp_except is defined... no
checking for usable _FPU_SETCW... no
checking for usable fpsetprec... no
checking for usable _controlfp... no
checking for usable _controlfp_s... no
checking whether FPU control word can be manipulated by inline assembler... yes
checking whether double cast to long preserves least significant bits... no
checking for dlfcn.h... (cached) yes
checking whether dlsym() requires a leading underscore in symbol names... no
checking virtual machine dispatch method... CALL
checking whether to enable thread-safety... no
checking whether to enable inline optimization for GCC... yes
checking whether to enable Zend debugging... no
checking for inline... inline
checking target system is Darwin... yes
checking for MM alignment and log values... done
checking for memory allocation using mmap(MAP_ANON)... yes
checking for memory allocation using mmap("/dev/zero")... no
checking for mremap... no
checking for sigaction... yes
checking whether to enable zend signal handling... no

[1mConfiguring TSRM[m
checking for stdarg.h... (cached) yes
checking for sigprocmask... yes

[1mConfiguring libtool[m
checking for ld used by cc... /Applications/Xcode.app/Contents/Developer/Toolchains/XcodeDefault.xctoolchain/usr/bin/ld
checking if the linker (/Applications/Xcode.app/Contents/Developer/Toolchains/XcodeDefault.xctoolchain/usr/bin/ld) is GNU ld... no
checking for /Applications/Xcode.app/Contents/Developer/Toolchains/XcodeDefault.xctoolchain/usr/bin/ld option to reload object files... -r
checking for BSD-compatible nm... /usr/bin/nm
checking how to recognize dependent libraries... pass_all
checking the maximum length of command line arguments... 196608
checking command to parse /usr/bin/nm output from cc object... ok
checking for objdir... .libs
checking for ar... ar
checking for ranlib... ranlib
checking for strip... strip
checking for dsymutil... dsymutil
checking for nmedit... nmedit
checking for -single_module linker flag... yes
checking for -exported_symbols_list linker flag... yes
checking if cc supports -fno-rtti -fno-exceptions... yes
checking for cc option to produce PIC... -fno-common
checking if cc PIC flag -fno-common works... yes
checking if cc static flag -static works... no
checking if cc supports -c -o file.o... yes
checking whether the cc linker (/Applications/Xcode.app/Contents/Developer/Toolchains/XcodeDefault.xctoolchain/usr/bin/ld) supports shared libraries... yes
checking dynamic linker characteristics... darwin13.4.0 dyld
checking how to hardcode library paths into programs... immediate
checking whether stripping libraries is possible... yes
checking if libtool supports shared libraries... yes
checking whether to build shared libraries... no
checking whether to build static libraries... yes

creating libtool
appending configuration tag "CXX" to libtool

[1mGenerating files[m
configure: creating ./config.status
creating main/internal_functions.c
creating main/internal_functions_cli.c
+--------------------------------------------------------------------+
| License:                                                           |
| This software is subject to the PHP License, available in this     |
| distribution in the file LICENSE.  By continuing this installation |
| process, you are bound by the terms of this license agreement.     |
| If you do not agree with the terms of this license, you must abort |
| the installation process at this point.                            |
+--------------------------------------------------------------------+

Thank you for using PHP.

config.status: creating php5.spec
config.status: creating main/build-defs.h
config.status: creating scripts/phpize
config.status: creating scripts/man1/phpize.1
config.status: creating scripts/php-config
config.status: creating scripts/man1/php-config.1
config.status: creating sapi/cli/php.1
config.status: creating sapi/cgi/php-cgi.1
config.status: creating main/php_config.h
config.status: executing default commands
